<?xml version="1.0" encoding="UTF-8"?>
<!-- Generated by org.testng.reporters.JUnitXMLReporter -->
<testsuite hostname="LAPTOP-JCJPK1ME" name="HRM Application Test Automation UseCases" tests="10" failures="0" timestamp="4 Jun 2019 02:51:28 GMT" time="114.409" errors="0">
  <testcase name="verifyLoginPageTitleTest" time="0.021" classname="com.hrm.qa.testcases.LoginPageTest"/>
  <testcase name="verifyCRMLogoTest" time="0.031" classname="com.hrm.qa.testcases.LoginPageTest"/>
  <testcase name="doLoginTest" time="1.866" classname="com.hrm.qa.testcases.LoginPageTest"/>
  <testcase name="verifyHomePageTitleTest" time="0.005" classname="com.hrm.qa.testcases.HomePageTest"/>
  <testcase name="verifyLoggedInWelcomeUserLabelTest" time="0.025" classname="com.hrm.qa.testcases.HomePageTest"/>
  <testcase name="clickOnGeneralInfoOptionTest" time="2.319" classname="com.hrm.qa.testcases.HomePageTest"/>
  <testcase name="verifyGeneralInfoHeaderTest" time="0.024" classname="com.hrm.qa.testcases.GeneralInformationPageTest"/>
  <testcase name="gotoAddEmployeePageTest" time="6.99" classname="com.hrm.qa.testcases.PIMAddEmpPageTest"/>
  <testcase name="addEmployee" time="11.932" classname="com.hrm.qa.testcases.PIMAddEmpPageTest"/>
  <testcase name="verifyDashboardPageTest" time="2.018" classname="com.hrm.qa.testcases.DashboardTest"/>
</testsuite> <!-- HRM Application Test Automation UseCases -->
